[debug] [2024-12-04T09:48:31.083Z] ----------------------------------------------------------------------
[debug] [2024-12-04T09:48:31.086Z] Command:       C:\Program Files\nodejs\node.exe C:\Users\Admin\AppData\Roaming\npm\node_modules\firebase-tools\lib\bin\firebase.js init
[debug] [2024-12-04T09:48:31.086Z] CLI Version:   13.25.0
[debug] [2024-12-04T09:48:31.086Z] Platform:      win32
[debug] [2024-12-04T09:48:31.086Z] Node Version:  v20.18.0
[debug] [2024-12-04T09:48:31.086Z] Time:          Wed Dec 04 2024 15:18:31 GMT+0530 (India Standard Time)
[debug] [2024-12-04T09:48:31.087Z] ----------------------------------------------------------------------
[debug] 
[debug] [2024-12-04T09:48:31.090Z] >>> [apiv2][query] GET https://firebase-public.firebaseio.com/cli.json [none]
[debug] [2024-12-04T09:48:31.139Z] > command requires scopes: ["email","openid","https://www.googleapis.com/auth/cloudplatformprojects.readonly","https://www.googleapis.com/auth/firebase","https://www.googleapis.com/auth/cloud-platform"]
[debug] [2024-12-04T09:48:31.139Z] > authorizing via signed-in user (junaidbusiness555@gmail.com)
[info] 
     ######## #### ########  ######## ########     ###     ######  ########
     ##        ##  ##     ## ##       ##     ##  ##   ##  ##       ##
     ######    ##  ########  ######   ########  #########  ######  ######
     ##        ##  ##    ##  ##       ##     ## ##     ##       ## ##
     ##       #### ##     ## ######## ########  ##     ##  ######  ########

You're about to initialize a Firebase project in this directory:

  D:\Junaid Work\TestUI\components\src\app

[debug] [2024-12-04T09:48:31.717Z] <<< [apiv2][status] GET https://firebase-public.firebaseio.com/cli.json 200
[debug] [2024-12-04T09:48:31.718Z] <<< [apiv2][body] GET https://firebase-public.firebaseio.com/cli.json {"cloudBuildErrorAfter":1594252800000,"cloudBuildWarnAfter":1590019200000,"defaultNode10After":1594252800000,"minVersion":"3.0.5","node8DeploysDisabledAfter":1613390400000,"node8RuntimeDisabledAfter":1615809600000,"node8WarnAfter":1600128000000}
[info] 
=== Project Setup
[info] 
[info] First, let's associate this project directory with a Firebase project.
[info] You can create multiple project aliases by running firebase use --add, 
[info] but for now we'll just set up a default project.
[info] 
[info] i  If you want to create a project in a Google Cloud organization or folder, please use "firebase projects:create" instead, and return to this command when you've created the project. 
[debug] [2024-12-04T09:49:19.355Z] Checked if tokens are valid: false, expires at: 1732192611105
[debug] [2024-12-04T09:49:19.356Z] Checked if tokens are valid: false, expires at: 1732192611105
[debug] [2024-12-04T09:49:19.356Z] > refreshing access token with scopes: []
[debug] [2024-12-04T09:49:19.357Z] >>> [apiv2][query] POST https://www.googleapis.com/oauth2/v3/token [none]
[debug] [2024-12-04T09:49:19.357Z] >>> [apiv2][body] POST https://www.googleapis.com/oauth2/v3/token [omitted]
[debug] [2024-12-04T09:49:19.773Z] <<< [apiv2][status] POST https://www.googleapis.com/oauth2/v3/token 200
[debug] [2024-12-04T09:49:19.773Z] <<< [apiv2][body] POST https://www.googleapis.com/oauth2/v3/token [omitted]
[debug] [2024-12-04T09:49:19.782Z] >>> [apiv2][query] POST https://cloudresourcemanager.googleapis.com/v1/projects [none]
[debug] [2024-12-04T09:49:19.782Z] >>> [apiv2][body] POST https://cloudresourcemanager.googleapis.com/v1/projects {"projectId":"FTS-Components","name":"FTS-Components"}
[debug] [2024-12-04T09:49:21.381Z] <<< [apiv2][status] POST https://cloudresourcemanager.googleapis.com/v1/projects 400
[debug] [2024-12-04T09:49:21.382Z] <<< [apiv2][body] POST https://cloudresourcemanager.googleapis.com/v1/projects {"error":{"code":400,"message":"field [project_id] has issue [project_id contains invalid characters]","status":"INVALID_ARGUMENT","details":[{"@type":"type.googleapis.com/google.rpc.BadRequest","fieldViolations":[{"field":"project_id","description":"project_id contains invalid characters"}]},{"@type":"type.googleapis.com/google.rpc.Help","links":[{"url":"https://cloud.google.com/resource-manager/reference/rest/v1/projects"}]}]}}
[debug] [2024-12-04T09:49:21.527Z] FirebaseError: Request to https://cloudresourcemanager.googleapis.com/v1/projects had HTTP Error: 400, field [project_id] has issue [project_id contains invalid characters]
    at responseToError (C:\Users\Admin\AppData\Roaming\npm\node_modules\firebase-tools\lib\responseToError.js:52:12)
    at RetryOperation._fn (C:\Users\Admin\AppData\Roaming\npm\node_modules\firebase-tools\lib\apiv2.js:312:77)
    at process.processTicksAndRejections (node:internal/process/task_queues:95:5)
[error] 
[error] Error: Failed to create project. See firebase-debug.log for more info.
[debug] [2024-12-04T09:49:33.002Z] ----------------------------------------------------------------------
[debug] [2024-12-04T09:49:33.005Z] Command:       C:\Program Files\nodejs\node.exe C:\Users\Admin\AppData\Roaming\npm\node_modules\firebase-tools\lib\bin\firebase.js init
[debug] [2024-12-04T09:49:33.005Z] CLI Version:   13.25.0
[debug] [2024-12-04T09:49:33.005Z] Platform:      win32
[debug] [2024-12-04T09:49:33.005Z] Node Version:  v20.18.0
[debug] [2024-12-04T09:49:33.005Z] Time:          Wed Dec 04 2024 15:19:33 GMT+0530 (India Standard Time)
[debug] [2024-12-04T09:49:33.005Z] ----------------------------------------------------------------------
[debug] 
[debug] [2024-12-04T09:49:33.011Z] > command requires scopes: ["email","openid","https://www.googleapis.com/auth/cloudplatformprojects.readonly","https://www.googleapis.com/auth/firebase","https://www.googleapis.com/auth/cloud-platform"]
[debug] [2024-12-04T09:49:33.011Z] > authorizing via signed-in user (junaidbusiness555@gmail.com)
[info] 
     ######## #### ########  ######## ########     ###     ######  ########
     ##        ##  ##     ## ##       ##     ##  ##   ##  ##       ##
     ######    ##  ########  ######   ########  #########  ######  ######
     ##        ##  ##    ##  ##       ##     ## ##     ##       ## ##
     ##       #### ##     ## ######## ########  ##     ##  ######  ########

You're about to initialize a Firebase project in this directory:

  D:\Junaid Work\TestUI\components\src\app

[info] 
=== Project Setup
[info] 
[info] First, let's associate this project directory with a Firebase project.
[info] You can create multiple project aliases by running firebase use --add, 
[info] but for now we'll just set up a default project.
[info] 
[debug] [2024-12-04T09:49:40.459Z] Checked if tokens are valid: true, expires at: 1733309358773
[debug] [2024-12-04T09:49:40.459Z] Checked if tokens are valid: true, expires at: 1733309358773
[debug] [2024-12-04T09:49:40.461Z] >>> [apiv2][query] GET https://firebase.googleapis.com/v1beta1/projects pageSize=100
[debug] [2024-12-04T09:49:41.102Z] <<< [apiv2][status] GET https://firebase.googleapis.com/v1beta1/projects 200
[debug] [2024-12-04T09:49:41.102Z] <<< [apiv2][body] GET https://firebase.googleapis.com/v1beta1/projects [omitted]
